gpasm-1.2.0 #996 (Oct 11 2013) obj/vectors.as   12-17-2013  16:05:28        PAGE  1


LOC  OBJECT CODE     LINE SOURCE TEXT
  VALUE

                      00001 ;--------------------------------------------------------
                      00002 ; File Created by SDCC : free open source ANSI-C Compiler
                      00003 ; Version 3.3.1 #8894 (Oct 11 2013) (Linux)
                      00004 ; This file was generated Tue Dec 17 16:05:28 2013
                      00005 ;--------------------------------------------------------
                      00006 ; PIC16 port for the Microchip 16-bit core micros
                      00007 ;--------------------------------------------------------
                      00008         list    p=18f26j50
                      00009         radix   dec
                      00010 
                      00011 
                      00012 ;--------------------------------------------------------
                      00013 ; public variables in this module
                      00014 ;--------------------------------------------------------
  0000                00015         global  _stack
  0000                00016         global  _stack_end
  0000                00017         global  _reset_isr
  0000                00018         global  _high_priority_isr
  0000                00019         global  _startup
  0000                00020         global  _low_priority_isr
                      00021 
                      00022 ;--------------------------------------------------------
                      00023 ; extern variables in this module
                      00024 ;--------------------------------------------------------
  0000                00025         extern  _main
                      00026 
                      00027 
                      00028 ustat_vectors_00        udata   0X0100
000100                00029 _stack          res     254
0001FE                00030 _stack_end      res     1
                      00031 
                      00032 ;--------------------------------------------------------
                      00033 ; global & static initialisations
                      00034 ;--------------------------------------------------------
                      00035 ; ; Starting pCode block
                      00036 S_vectors__reset_isr    code    0X000000
000000                00037 _reset_isr:
000000 EF?? F0??      00038         goto _startup
                      00039         
                      00040 ; ; Starting pCode block
                      00041 S_vectors__high_priority_isr    code    0X000008
000008                00042 _high_priority_isr:
000008 EF04 F006      00043         goto 0x0C00 + 0x08
                      00044         
                      00045 ; ; Starting pCode block
                      00046 S_vectors__low_priority_isr     code    0X000018
000018                00047 _low_priority_isr:
000018 EF0C F006      00048         goto 0x0C00 + 0x18
                      00049         
                      00050 ; I code from now on!
                      00051 ; ; Starting pCode block
                      00052 S_vectors__startup      code
000000                00053 _startup:
gpasm-1.2.0 #996 (Oct 11 2013) obj/vectors.as   12-17-2013  16:05:28        PAGE  2


LOC  OBJECT CODE     LINE SOURCE TEXT
  VALUE

000000 EE?? F0??      00054         lfsr 1, _stack_end ; initialize the stack pointer
000004 EE?? F0??      00055         lfsr 2, _stack_end
                      00056         
                      00057 ;       .line   116; src/vectors.c      main();                     // start bootloader code
000008 EC?? F0??      00058         CALL    _main
00000C                00059 lockup:
00000C D???           00060         bra lockup ; returning from main will lock up
                      00061         
                      00062 
                      00063 
                      00064 ; Statistics:
                      00065 ; code size:       28 (0x001c) bytes ( 0.02%)
                      00066 ;                  14 (0x000e) words
                      00067 ; udata size:     255 (0x00ff) bytes ( 7.24%)
                      00068 ; access size:      0 (0x0000) bytes
                      00069 
                      00070 
                      00071         end
gpasm-1.2.0 #996 (Oct 11 2013) obj/vectors.as   12-17-2013  16:05:28        PAGE  3


SYMBOL TABLE
  LABEL                             VALUE

__18F26J50                        00000001
_high_priority_isr                00000008
_low_priority_isr                 00000018
_main                             00000000
_reset_isr                        00000000
_stack                            00000100
_stack_end                        000001FE
_startup                          00000000
lockup                            0000000C

Errors   :     0
Warnings :     0 reported,     0 suppressed
Messages :     0 reported,     0 suppressed

